---CONFIGS---
==========================================
shape:tricapsule
downsample:True
ds_rate:10
render_normals:False
pill_disp:True
workers:2
coords_dir:body_points_output4_it1/
outfile:./inputs/furthest_normals
init_r:500
k:2
iter:9
log_file:octopus_3
log_dir:./log/octopus_3/octopus_3.log

Duplicates present in x and y coords
Starting point-> 3
Starting the pill decomposition process....
[631310193045535.4, -1, 2.465132719037062e+18] [559283439917306.9, -1, 2.183883488883107e+18]
furthest pt-> 116
(iC, iR)-> [713.94537992 350.61762123] 242.19971795578186
parent ball, sibling ball-> 1 3
[631310193045535.4, -1, 2.465132719037062e+18] [559283439917306.9, -1, 2.183883488883107e+18]
pill id, pill_count-> 1 2
furthest pt-> 116
(C, R)-> [713.94537992 350.61762123] 242.19971795578186
parent ball, sibling ball-> 2 3
[631310193045535.4, -1, 2.465132719037062e+18] [559283439917306.9, -1, 2.183883488883107e+18]
pill id, pill_count-> 1 3
furthest pt-> 279
(C, R)-> [285.96167074 361.05480223] 229.67242444536947
parent ball, sibling ball-> 2 5
[631310193045535.4, -1, 2.465132719037062e+18] [559283439917306.9, -1, 2.183883488883107e+18]
pill id, pill_count-> 1 4
furthest pt-> 116
(C, R)-> [713.94537992 350.61762123] 242.19971795578186
parent ball, sibling ball-> 3 5
[631310193045535.4, -1, 2.465132719037062e+18] [559283439917306.9, -1, 2.183883488883107e+18]
pill id, pill_count-> 1 5
furthest pt-> 279
(C, R)-> [285.96167074 361.05480223] 229.67242444536947
parent ball, sibling ball-> 2 5
[-42571800109678.055, -1, 1.0189149591691178e+17] [-54512318787415.72, -1, 1.3046997526155214e+17]
pill id, pill_count-> 2 6
furthest pt-> 279
(C, R)-> [285.96167074 361.05480223] 229.67242444536947
parent ball, sibling ball-> 3 5
[-42571800109678.055, -1, 1.0189149591691178e+17] [-54512318787415.72, -1, 1.3046997526155214e+17]
pill id, pill_count-> 2 7
furthest pt-> 279
(C, R)-> [285.96167074 361.05480223] 229.67242444536947
parent ball, sibling ball-> 2 5
[-3.705195551195497e+18, -1, 2.7108689515285217e+23] [-3.893371367004446e+18, -1, 2.8485458890765113e+23]
pill id, pill_count-> 3 8
furthest pt-> 279
(C, R)-> [285.96167074 361.05480223] 229.67242444536947
parent ball, sibling ball-> 3 5
[-3.705195551195497e+18, -1, 2.7108689515285217e+23] [-3.893371367004446e+18, -1, 2.8485458890765113e+23]
pill id, pill_count-> 3 9
furthest pt-> 279
(C, R)-> [285.96167074 361.05480223] 229.67242444536947
parent ball, sibling ball-> 3 11
[631310193045535.4, -1, 2.465132719037062e+18] [559283439917306.9, -1, 2.183883488883107e+18]
pill id, pill_count-> 1 10
furthest pt-> 116
(C, R)-> [713.94537992 350.61762123] 242.19971795578186
parent ball, sibling ball-> 5 11
[631310193045535.4, -1, 2.465132719037062e+18] [559283439917306.9, -1, 2.183883488883107e+18]
pill id, pill_count-> 1 11
furthest pt-> 279
(C, R)-> [285.96167074 361.05480223] 229.67242444536947
parent ball, sibling ball-> 3 11
[-42571800109678.055, -1, 1.0189149591691178e+17] [-54512318787415.72, -1, 1.3046997526155214e+17]
pill id, pill_count-> 2 12
furthest pt-> 279
(C, R)-> [285.96167074 361.05480223] 229.67242444536947
parent ball, sibling ball-> 5 11
[-42571800109678.055, -1, 1.0189149591691178e+17] [-54512318787415.72, -1, 1.3046997526155214e+17]
pill id, pill_count-> 2 13
furthest pt-> 279
(C, R)-> [555.45267949 382.30555067] 500
parent ball, sibling ball-> 3 11
[-3.705195551195497e+18, -1, 2.7108689515285217e+23] [-3.893371367004446e+18, -1, 2.8485458890765113e+23]
pill id, pill_count-> 3 14
furthest pt-> 279
(C, R)-> [285.96167074 361.05480223] 229.67242444536947
parent ball, sibling ball-> 5 11
[-3.705195551195497e+18, -1, 2.7108689515285217e+23] [-3.893371367004446e+18, -1, 2.8485458890765113e+23]
pill id, pill_count-> 3 15
furthest pt-> 279
(C, R)-> [285.96167074 361.05480223] 229.67242444536947
parent ball, sibling ball-> 3 11
[-9186174046.669577, -1, 5878882597063.06] [-47572321523.87955, -1, 30444893783749.324]
pill id, pill_count-> 4 16
furthest pt-> 279
(C, R)-> [285.96167074 361.05480223] 229.67242444536947
parent ball, sibling ball-> 5 11
[-9186174046.669577, -1, 5878882597063.06] [-47572321523.87955, -1, 30444893783749.324]
pill id, pill_count-> 4 17
furthest pt-> 116
(C, R)-> [713.94537992 350.61762123] 242.19971795578186
parent ball, sibling ball-> 3 11
[22856169599945.746, -1, 1.7280612783784656e+17] [-251304611298549.1, -1, -1.9000111368792236e+18]
pill id, pill_count-> 5 18
furthest pt-> 116
(C, R)-> [713.94537992 350.61762123] 242.19971795578186
parent ball, sibling ball-> 5 11
[22856169599945.746, -1, 1.7280612783784656e+17] [-251304611298549.1, -1, -1.9000111368792236e+18]
pill id, pill_count-> 5 19
furthest pt-> 279
(C, R)-> [285.96167074 361.05480223] 229.67242444536947
parent ball, sibling ball-> 3 11
[-9186174046.669577, -1, 5878882597063.06] [-47572321523.87955, -1, 30444893783749.324]
pill id, pill_count-> 6 20
furthest pt-> 279
(C, R)-> [285.96167074 361.05480223] 229.67242444536947
parent ball, sibling ball-> 5 11
[-9186174046.669577, -1, 5878882597063.06] [-47572321523.87955, -1, 30444893783749.324]
pill id, pill_count-> 6 21
furthest pt-> 116
(C, R)-> [713.94537992 350.61762123] 242.19971795578186
parent ball, sibling ball-> 3 11
[22856169599945.746, -1, 1.7280612783784656e+17] [-251304611298549.1, -1, -1.9000111368792236e+18]
pill id, pill_count-> 7 22
furthest pt-> 116
(C, R)-> [713.94537992 350.61762123] 242.19971795578186
parent ball, sibling ball-> 5 11
[22856169599945.746, -1, 1.7280612783784656e+17] [-251304611298549.1, -1, -1.9000111368792236e+18]
pill id, pill_count-> 7 23
furthest pt-> 279
(C, R)-> [285.96167074 361.05480223] 229.67242444536947
parent ball, sibling ball-> 3 11
[-9186174046.669577, -1, 5878882597063.06] [-47572321523.87955, -1, 30444893783749.324]
pill id, pill_count-> 8 24
furthest pt-> 279
(C, R)-> [285.96167074 361.05480223] 229.67242444536947
parent ball, sibling ball-> 5 11
[-9186174046.669577, -1, 5878882597063.06] [-47572321523.87955, -1, 30444893783749.324]
pill id, pill_count-> 8 25
furthest pt-> 116
(C, R)-> [713.94537992 350.61762123] 242.19971795578186
parent ball, sibling ball-> 3 11
[22856169599945.746, -1, 1.7280612783784656e+17] [-251304611298549.1, -1, -1.9000111368792236e+18]
pill id, pill_count-> 9 26
furthest pt-> 116
(C, R)-> [713.94537992 350.61762123] 242.19971795578186
parent ball, sibling ball-> 5 11
[22856169599945.746, -1, 1.7280612783784656e+17] [-251304611298549.1, -1, -1.9000111368792236e+18]
pill id, pill_count-> 9 27
furthest pt-> 116
(C, R)-> [713.94537992 350.61762123] 242.19971795578186
parent ball, sibling ball-> 5 29
[631310193045535.4, -1, 2.465132719037062e+18] [559283439917306.9, -1, 2.183883488883107e+18]
pill id, pill_count-> 1 28
furthest pt-> 116
(C, R)-> [713.94537992 350.61762123] 242.19971795578186
parent ball, sibling ball-> 11 29
[631310193045535.4, -1, 2.465132719037062e+18] [559283439917306.9, -1, 2.183883488883107e+18]
pill id, pill_count-> 1 29
furthest pt-> 279
(C, R)-> [285.96167074 361.05480223] 229.67242444536947
parent ball, sibling ball-> 5 29
[-42571800109678.055, -1, 1.0189149591691178e+17] [-54512318787415.72, -1, 1.3046997526155214e+17]
pill id, pill_count-> 2 30
furthest pt-> 279
(C, R)-> [285.96167074 361.05480223] 229.67242444536947
parent ball, sibling ball-> 11 29
[-42571800109678.055, -1, 1.0189149591691178e+17] [-54512318787415.72, -1, 1.3046997526155214e+17]
pill id, pill_count-> 2 31
furthest pt-> 279
(C, R)-> [285.96167074 361.05480223] 229.67242444536947
parent ball, sibling ball-> 5 29
[-3.705195551195497e+18, -1, 2.7108689515285217e+23] [-3.893371367004446e+18, -1, 2.8485458890765113e+23]
pill id, pill_count-> 3 32
furthest pt-> 279
(C, R)-> [285.96167074 361.05480223] 229.67242444536947
parent ball, sibling ball-> 11 29
[-3.705195551195497e+18, -1, 2.7108689515285217e+23] [-3.893371367004446e+18, -1, 2.8485458890765113e+23]
pill id, pill_count-> 3 33
furthest pt-> 279
(C, R)-> [285.96167074 361.05480223] 229.67242444536947
parent ball, sibling ball-> 5 29
[-9186174046.669577, -1, 5878882597063.06] [-47572321523.87955, -1, 30444893783749.324]
pill id, pill_count-> 4 34
furthest pt-> 279
(C, R)-> [285.96167074 361.05480223] 229.67242444536947
parent ball, sibling ball-> 11 29
[-9186174046.669577, -1, 5878882597063.06] [-47572321523.87955, -1, 30444893783749.324]
pill id, pill_count-> 4 35
furthest pt-> 116
(C, R)-> [713.94537992 350.61762123] 242.19971795578186
parent ball, sibling ball-> 5 29
[22856169599945.746, -1, 1.7280612783784656e+17] [-251304611298549.1, -1, -1.9000111368792236e+18]
pill id, pill_count-> 5 36
furthest pt-> 116
(C, R)-> [713.94537992 350.61762123] 242.19971795578186
parent ball, sibling ball-> 11 29
[22856169599945.746, -1, 1.7280612783784656e+17] [-251304611298549.1, -1, -1.9000111368792236e+18]
pill id, pill_count-> 5 37
furthest pt-> 279
(C, R)-> [285.96167074 361.05480223] 229.67242444536947
parent ball, sibling ball-> 5 29
[-9186174046.669577, -1, 5878882597063.06] [-47572321523.87955, -1, 30444893783749.324]
pill id, pill_count-> 6 38
furthest pt-> 279
(C, R)-> [285.96167074 361.05480223] 229.67242444536947
parent ball, sibling ball-> 11 29
[-9186174046.669577, -1, 5878882597063.06] [-47572321523.87955, -1, 30444893783749.324]
pill id, pill_count-> 6 39
furthest pt-> 116
(C, R)-> [713.94537992 350.61762123] 242.19971795578186
parent ball, sibling ball-> 5 29
[22856169599945.746, -1, 1.7280612783784656e+17] [-251304611298549.1, -1, -1.9000111368792236e+18]
pill id, pill_count-> 7 40
furthest pt-> 116
(C, R)-> [713.94537992 350.61762123] 242.19971795578186
parent ball, sibling ball-> 11 29
[22856169599945.746, -1, 1.7280612783784656e+17] [-251304611298549.1, -1, -1.9000111368792236e+18]
pill id, pill_count-> 7 41
furthest pt-> 279
(C, R)-> [285.96167074 361.05480223] 229.67242444536947
parent ball, sibling ball-> 5 29
[-9186174046.669577, -1, 5878882597063.06] [-47572321523.87955, -1, 30444893783749.324]
pill id, pill_count-> 8 42
furthest pt-> 279
(C, R)-> [285.96167074 361.05480223] 229.67242444536947
parent ball, sibling ball-> 11 29
[-9186174046.669577, -1, 5878882597063.06] [-47572321523.87955, -1, 30444893783749.324]
pill id, pill_count-> 8 43
furthest pt-> 116
(C, R)-> [713.94537992 350.61762123] 242.19971795578186
parent ball, sibling ball-> 5 29
[22856169599945.746, -1, 1.7280612783784656e+17] [-251304611298549.1, -1, -1.9000111368792236e+18]
pill id, pill_count-> 9 44
furthest pt-> 116
(C, R)-> [713.94537992 350.61762123] 242.19971795578186
parent ball, sibling ball-> 11 29
[22856169599945.746, -1, 1.7280612783784656e+17] [-251304611298549.1, -1, -1.9000111368792236e+18]
pill id, pill_count-> 9 45
furthest pt-> 116
(C, R)-> [713.94537992 350.61762123] 242.19971795578186
parent ball, sibling ball-> 5 29
[22856169599945.746, -1, 1.7280612783784656e+17] [-251304611298549.1, -1, -1.9000111368792236e+18]
pill id, pill_count-> 10 46
furthest pt-> 116
(C, R)-> [713.94537992 350.61762123] 242.19971795578186
parent ball, sibling ball-> 11 29
[22856169599945.746, -1, 1.7280612783784656e+17] [-251304611298549.1, -1, -1.9000111368792236e+18]
pill id, pill_count-> 10 47
furthest pt-> 0
(C, R)-> [505.64836542 771.14065383] 227.1747209067603
parent ball, sibling ball-> 5 29
[] []
pill id, pill_count-> 11 48
furthest pt-> 0
(C, R)-> [505.64836542 771.14065383] 227.1747209067603
parent ball, sibling ball-> 11 29
[] []
pill id, pill_count-> 11 49
furthest pt-> 116
(C, R)-> [713.94537992 350.61762123] 242.19971795578186
parent ball, sibling ball-> 5 29
[22856169599945.746, -1, 1.7280612783784656e+17] [-251304611298549.1, -1, -1.9000111368792236e+18]
pill id, pill_count-> 12 50
furthest pt-> 116
(C, R)-> [713.94537992 350.61762123] 242.19971795578186
parent ball, sibling ball-> 11 29
[22856169599945.746, -1, 1.7280612783784656e+17] [-251304611298549.1, -1, -1.9000111368792236e+18]
pill id, pill_count-> 12 51
furthest pt-> 0
(C, R)-> [505.64836542 771.14065383] 227.1747209067603
parent ball, sibling ball-> 5 29
[] []
pill id, pill_count-> 13 52
furthest pt-> 0
(C, R)-> [505.64836542 771.14065383] 227.1747209067603
parent ball, sibling ball-> 11 29
[] []
pill id, pill_count-> 13 53
furthest pt-> 116
(C, R)-> [713.94537992 350.61762123] 242.19971795578186
parent ball, sibling ball-> 5 29
[22856169599945.746, -1, 1.7280612783784656e+17] [-251304611298549.1, -1, -1.9000111368792236e+18]
pill id, pill_count-> 14 54
furthest pt-> 116
(C, R)-> [713.94537992 350.61762123] 242.19971795578186
parent ball, sibling ball-> 11 29
[22856169599945.746, -1, 1.7280612783784656e+17] [-251304611298549.1, -1, -1.9000111368792236e+18]
pill id, pill_count-> 14 55
furthest pt-> 0
(C, R)-> [505.64836542 771.14065383] 227.1747209067603
parent ball, sibling ball-> 5 29
[] []
pill id, pill_count-> 15 56
furthest pt-> 0
(C, R)-> [505.64836542 771.14065383] 227.1747209067603
parent ball, sibling ball-> 11 29
[] []
pill id, pill_count-> 15 57
furthest pt-> 116
(C, R)-> [713.94537992 350.61762123] 242.19971795578186
parent ball, sibling ball-> 5 29
[22856169599945.746, -1, 1.7280612783784656e+17] [-251304611298549.1, -1, -1.9000111368792236e+18]
pill id, pill_count-> 16 58
furthest pt-> 116
(C, R)-> [713.94537992 350.61762123] 242.19971795578186
parent ball, sibling ball-> 11 29
[22856169599945.746, -1, 1.7280612783784656e+17] [-251304611298549.1, -1, -1.9000111368792236e+18]
pill id, pill_count-> 16 59
furthest pt-> 0
(C, R)-> [505.64836542 771.14065383] 227.1747209067603
parent ball, sibling ball-> 5 29
[] []
pill id, pill_count-> 17 60
furthest pt-> 0
(C, R)-> [505.64836542 771.14065383] 227.1747209067603
parent ball, sibling ball-> 11 29
[] []
pill id, pill_count-> 17 61
furthest pt-> 116
(C, R)-> [713.94537992 350.61762123] 242.19971795578186
parent ball, sibling ball-> 5 29
[22856169599945.746, -1, 1.7280612783784656e+17] [-251304611298549.1, -1, -1.9000111368792236e+18]
pill id, pill_count-> 18 62
furthest pt-> 116
(C, R)-> [713.94537992 350.61762123] 242.19971795578186
parent ball, sibling ball-> 11 29
[22856169599945.746, -1, 1.7280612783784656e+17] [-251304611298549.1, -1, -1.9000111368792236e+18]
pill id, pill_count-> 18 63
furthest pt-> 0
(C, R)-> [505.64836542 771.14065383] 227.1747209067603
parent ball, sibling ball-> 5 29
[] []
pill id, pill_count-> 19 64
furthest pt-> 0
(C, R)-> [505.64836542 771.14065383] 227.1747209067603
parent ball, sibling ball-> 11 29
[] []
pill id, pill_count-> 19 65
furthest pt-> 116
(C, R)-> [713.94537992 350.61762123] 242.19971795578186
parent ball, sibling ball-> 5 29
[22856169599945.746, -1, 1.7280612783784656e+17] [-251304611298549.1, -1, -1.9000111368792236e+18]
pill id, pill_count-> 20 66
furthest pt-> 116
(C, R)-> [713.94537992 350.61762123] 242.19971795578186
parent ball, sibling ball-> 11 29
[22856169599945.746, -1, 1.7280612783784656e+17] [-251304611298549.1, -1, -1.9000111368792236e+18]
pill id, pill_count-> 20 67
furthest pt-> 0
(C, R)-> [505.64836542 771.14065383] 227.1747209067603
parent ball, sibling ball-> 5 29
[] []
pill id, pill_count-> 21 68
furthest pt-> 0
(C, R)-> [505.64836542 771.14065383] 227.1747209067603
parent ball, sibling ball-> 11 29
[] []
pill id, pill_count-> 21 69
furthest pt-> 116
(C, R)-> [713.94537992 350.61762123] 242.19971795578186
parent ball, sibling ball-> 5 29
[22856169599945.746, -1, 1.7280612783784656e+17] [-251304611298549.1, -1, -1.9000111368792236e+18]
pill id, pill_count-> 22 70
furthest pt-> 116
(C, R)-> [713.94537992 350.61762123] 242.19971795578186
parent ball, sibling ball-> 11 29
[22856169599945.746, -1, 1.7280612783784656e+17] [-251304611298549.1, -1, -1.9000111368792236e+18]
pill id, pill_count-> 22 71
furthest pt-> 0
(C, R)-> [505.64836542 771.14065383] 227.1747209067603
parent ball, sibling ball-> 5 29
[] []
pill id, pill_count-> 23 72
furthest pt-> 0
(C, R)-> [505.64836542 771.14065383] 227.1747209067603
parent ball, sibling ball-> 11 29
[] []
pill id, pill_count-> 23 73
furthest pt-> 116
(C, R)-> [713.94537992 350.61762123] 242.19971795578186
parent ball, sibling ball-> 5 29
[22856169599945.746, -1, 1.7280612783784656e+17] [-251304611298549.1, -1, -1.9000111368792236e+18]
pill id, pill_count-> 24 74
furthest pt-> 116
(C, R)-> [713.94537992 350.61762123] 242.19971795578186
parent ball, sibling ball-> 11 29
[22856169599945.746, -1, 1.7280612783784656e+17] [-251304611298549.1, -1, -1.9000111368792236e+18]
pill id, pill_count-> 24 75
furthest pt-> 0
(C, R)-> [505.64836542 771.14065383] 227.1747209067603
parent ball, sibling ball-> 5 29
[] []
pill id, pill_count-> 25 76
furthest pt-> 0
(C, R)-> [505.64836542 771.14065383] 227.1747209067603
parent ball, sibling ball-> 11 29
[] []
pill id, pill_count-> 25 77
furthest pt-> 116
(C, R)-> [713.94537992 350.61762123] 242.19971795578186
parent ball, sibling ball-> 5 29
[22856169599945.746, -1, 1.7280612783784656e+17] [-251304611298549.1, -1, -1.9000111368792236e+18]
pill id, pill_count-> 26 78
furthest pt-> 116
(C, R)-> [713.94537992 350.61762123] 242.19971795578186
parent ball, sibling ball-> 11 29
[22856169599945.746, -1, 1.7280612783784656e+17] [-251304611298549.1, -1, -1.9000111368792236e+18]
pill id, pill_count-> 26 79
furthest pt-> 0
(C, R)-> [505.64836542 771.14065383] 227.1747209067603
parent ball, sibling ball-> 5 29
[] []
pill id, pill_count-> 27 80
furthest pt-> 0
(C, R)-> [505.64836542 771.14065383] 227.1747209067603
parent ball, sibling ball-> 11 29
[] []
pill id, pill_count-> 27 81
furthest pt-> 279
(C, R)-> [555.45267949 382.30555067] 500
parent ball, sibling ball-> 11 83
[631310193045535.4, -1, 2.465132719037062e+18] [559283439917306.9, -1, 2.183883488883107e+18]
pill id, pill_count-> 1 82
furthest pt-> 116
(C, R)-> [713.94537992 350.61762123] 242.19971795578186
parent ball, sibling ball-> 29 83
[631310193045535.4, -1, 2.465132719037062e+18] [559283439917306.9, -1, 2.183883488883107e+18]
pill id, pill_count-> 1 83
furthest pt-> 279
(C, R)-> [285.96167074 361.05480223] 229.67242444536947
parent ball, sibling ball-> 11 83
[-42571800109678.055, -1, 1.0189149591691178e+17] [-54512318787415.72, -1, 1.3046997526155214e+17]
pill id, pill_count-> 2 84
furthest pt-> 279
(C, R)-> [285.96167074 361.05480223] 229.67242444536947
parent ball, sibling ball-> 29 83
[-42571800109678.055, -1, 1.0189149591691178e+17] [-54512318787415.72, -1, 1.3046997526155214e+17]
pill id, pill_count-> 2 85
furthest pt-> 279
(C, R)-> [285.96167074 361.05480223] 229.67242444536947
parent ball, sibling ball-> 11 83
[-3.705195551195497e+18, -1, 2.7108689515285217e+23] [-3.893371367004446e+18, -1, 2.8485458890765113e+23]
pill id, pill_count-> 3 86
furthest pt-> 279
(C, R)-> [285.96167074 361.05480223] 229.67242444536947
parent ball, sibling ball-> 29 83
[-3.705195551195497e+18, -1, 2.7108689515285217e+23] [-3.893371367004446e+18, -1, 2.8485458890765113e+23]
pill id, pill_count-> 3 87
furthest pt-> 279
(C, R)-> [285.96167074 361.05480223] 229.67242444536947
parent ball, sibling ball-> 11 83
[-9186174046.669577, -1, 5878882597063.06] [-47572321523.87955, -1, 30444893783749.324]
pill id, pill_count-> 4 88
furthest pt-> 279
(C, R)-> [285.96167074 361.05480223] 229.67242444536947
parent ball, sibling ball-> 29 83
[-9186174046.669577, -1, 5878882597063.06] [-47572321523.87955, -1, 30444893783749.324]
pill id, pill_count-> 4 89
furthest pt-> 116
(C, R)-> [713.94537992 350.61762123] 242.19971795578186
parent ball, sibling ball-> 11 83
[22856169599945.746, -1, 1.7280612783784656e+17] [-251304611298549.1, -1, -1.9000111368792236e+18]
pill id, pill_count-> 5 90
furthest pt-> 116
(C, R)-> [713.94537992 350.61762123] 242.19971795578186
parent ball, sibling ball-> 29 83
[22856169599945.746, -1, 1.7280612783784656e+17] [-251304611298549.1, -1, -1.9000111368792236e+18]
pill id, pill_count-> 5 91
furthest pt-> 279
(C, R)-> [285.96167074 361.05480223] 229.67242444536947
parent ball, sibling ball-> 11 83
[-9186174046.669577, -1, 5878882597063.06] [-47572321523.87955, -1, 30444893783749.324]
pill id, pill_count-> 6 92
furthest pt-> 279
(C, R)-> [285.96167074 361.05480223] 229.67242444536947
parent ball, sibling ball-> 29 83
[-9186174046.669577, -1, 5878882597063.06] [-47572321523.87955, -1, 30444893783749.324]
pill id, pill_count-> 6 93
furthest pt-> 116
(C, R)-> [713.94537992 350.61762123] 242.19971795578186
parent ball, sibling ball-> 11 83
[22856169599945.746, -1, 1.7280612783784656e+17] [-251304611298549.1, -1, -1.9000111368792236e+18]
pill id, pill_count-> 7 94
furthest pt-> 116
(C, R)-> [713.94537992 350.61762123] 242.19971795578186
parent ball, sibling ball-> 29 83
[22856169599945.746, -1, 1.7280612783784656e+17] [-251304611298549.1, -1, -1.9000111368792236e+18]
pill id, pill_count-> 7 95
furthest pt-> 279
(C, R)-> [285.96167074 361.05480223] 229.67242444536947
parent ball, sibling ball-> 11 83
[-9186174046.669577, -1, 5878882597063.06] [-47572321523.87955, -1, 30444893783749.324]
pill id, pill_count-> 8 96
furthest pt-> 279
(C, R)-> [285.96167074 361.05480223] 229.67242444536947
parent ball, sibling ball-> 29 83
[-9186174046.669577, -1, 5878882597063.06] [-47572321523.87955, -1, 30444893783749.324]
pill id, pill_count-> 8 97
furthest pt-> 116
(C, R)-> [713.94537992 350.61762123] 242.19971795578186
parent ball, sibling ball-> 11 83
[22856169599945.746, -1, 1.7280612783784656e+17] [-251304611298549.1, -1, -1.9000111368792236e+18]
pill id, pill_count-> 9 98
furthest pt-> 116
(C, R)-> [713.94537992 350.61762123] 242.19971795578186
parent ball, sibling ball-> 29 83
[22856169599945.746, -1, 1.7280612783784656e+17] [-251304611298549.1, -1, -1.9000111368792236e+18]
pill id, pill_count-> 9 99
furthest pt-> 116
(C, R)-> [713.94537992 350.61762123] 242.19971795578186
parent ball, sibling ball-> 11 83
[22856169599945.746, -1, 1.7280612783784656e+17] [-251304611298549.1, -1, -1.9000111368792236e+18]
pill id, pill_count-> 10 100
furthest pt-> 116
(C, R)-> [713.94537992 350.61762123] 242.19971795578186
parent ball, sibling ball-> 29 83
[22856169599945.746, -1, 1.7280612783784656e+17] [-251304611298549.1, -1, -1.9000111368792236e+18]
pill id, pill_count-> 10 101
furthest pt-> 0
(C, R)-> [505.64836542 771.14065383] 227.1747209067603
parent ball, sibling ball-> 11 83
[] []
pill id, pill_count-> 11 102
furthest pt-> 0
(C, R)-> [505.64836542 771.14065383] 227.1747209067603
parent ball, sibling ball-> 29 83
[] []
pill id, pill_count-> 11 103
furthest pt-> 116
(C, R)-> [713.94537992 350.61762123] 242.19971795578186
parent ball, sibling ball-> 11 83
[22856169599945.746, -1, 1.7280612783784656e+17] [-251304611298549.1, -1, -1.9000111368792236e+18]
pill id, pill_count-> 12 104
furthest pt-> 116
(C, R)-> [713.94537992 350.61762123] 242.19971795578186
parent ball, sibling ball-> 29 83
[22856169599945.746, -1, 1.7280612783784656e+17] [-251304611298549.1, -1, -1.9000111368792236e+18]
pill id, pill_count-> 12 105
furthest pt-> 0
(C, R)-> [505.64836542 771.14065383] 227.1747209067603
parent ball, sibling ball-> 11 83
[] []
pill id, pill_count-> 13 106
furthest pt-> 0
(C, R)-> [505.64836542 771.14065383] 227.1747209067603
parent ball, sibling ball-> 29 83
[] []
pill id, pill_count-> 13 107
furthest pt-> 116
(C, R)-> [713.94537992 350.61762123] 242.19971795578186
parent ball, sibling ball-> 11 83
[22856169599945.746, -1, 1.7280612783784656e+17] [-251304611298549.1, -1, -1.9000111368792236e+18]
pill id, pill_count-> 14 108
furthest pt-> 116
(C, R)-> [713.94537992 350.61762123] 242.19971795578186
parent ball, sibling ball-> 29 83
[22856169599945.746, -1, 1.7280612783784656e+17] [-251304611298549.1, -1, -1.9000111368792236e+18]
pill id, pill_count-> 14 109
furthest pt-> 0
(C, R)-> [505.64836542 771.14065383] 227.1747209067603
parent ball, sibling ball-> 11 83
[] []
pill id, pill_count-> 15 110
furthest pt-> 0
(C, R)-> [505.64836542 771.14065383] 227.1747209067603
parent ball, sibling ball-> 29 83
[] []
pill id, pill_count-> 15 111
furthest pt-> 116
(C, R)-> [713.94537992 350.61762123] 242.19971795578186
parent ball, sibling ball-> 11 83
[22856169599945.746, -1, 1.7280612783784656e+17] [-251304611298549.1, -1, -1.9000111368792236e+18]
pill id, pill_count-> 16 112
furthest pt-> 116
(C, R)-> [713.94537992 350.61762123] 242.19971795578186
parent ball, sibling ball-> 29 83
[22856169599945.746, -1, 1.7280612783784656e+17] [-251304611298549.1, -1, -1.9000111368792236e+18]
pill id, pill_count-> 16 113
furthest pt-> 0
(C, R)-> [505.64836542 771.14065383] 227.1747209067603
parent ball, sibling ball-> 11 83
[] []
pill id, pill_count-> 17 114
furthest pt-> 0
(C, R)-> [538. 996.] 2.495281947158741e-156
parent ball, sibling ball-> 29 83
[] []
pill id, pill_count-> 17 115
furthest pt-> 116
(C, R)-> [713.94537992 350.61762123] 242.19971795578186
parent ball, sibling ball-> 11 83
[22856169599945.746, -1, 1.7280612783784656e+17] [-251304611298549.1, -1, -1.9000111368792236e+18]
pill id, pill_count-> 18 116
furthest pt-> 116
(C, R)-> [713.94537992 350.61762123] 242.19971795578186
parent ball, sibling ball-> 29 83
[22856169599945.746, -1, 1.7280612783784656e+17] [-251304611298549.1, -1, -1.9000111368792236e+18]
pill id, pill_count-> 18 117
furthest pt-> 0
(C, R)-> [505.64836542 771.14065383] 227.1747209067603
parent ball, sibling ball-> 11 83
[] []
pill id, pill_count-> 19 118
furthest pt-> 0
(C, R)-> [505.64836542 771.14065383] 227.1747209067603
parent ball, sibling ball-> 29 83
[] []
pill id, pill_count-> 19 119
furthest pt-> 116
(C, R)-> [713.94537992 350.61762123] 242.19971795578186
parent ball, sibling ball-> 11 83
[22856169599945.746, -1, 1.7280612783784656e+17] [-251304611298549.1, -1, -1.9000111368792236e+18]
pill id, pill_count-> 20 120
furthest pt-> 116
(C, R)-> [713.94537992 350.61762123] 242.19971795578186
parent ball, sibling ball-> 29 83
[22856169599945.746, -1, 1.7280612783784656e+17] [-251304611298549.1, -1, -1.9000111368792236e+18]
pill id, pill_count-> 20 121
furthest pt-> 0
(C, R)-> [505.64836542 771.14065383] 227.1747209067603
parent ball, sibling ball-> 11 83
[] []
pill id, pill_count-> 21 122
furthest pt-> 0
(C, R)-> [505.64836542 771.14065383] 227.1747209067603
parent ball, sibling ball-> 29 83
[] []
pill id, pill_count-> 21 123
furthest pt-> 116
(C, R)-> [713.94537992 350.61762123] 242.19971795578186
parent ball, sibling ball-> 11 83
[22856169599945.746, -1, 1.7280612783784656e+17] [-251304611298549.1, -1, -1.9000111368792236e+18]
pill id, pill_count-> 22 124
furthest pt-> 116
(C, R)-> [713.94537992 350.61762123] 242.19971795578186
parent ball, sibling ball-> 29 83
[22856169599945.746, -1, 1.7280612783784656e+17] [-251304611298549.1, -1, -1.9000111368792236e+18]
pill id, pill_count-> 22 125
furthest pt-> 0
(C, R)-> [505.64836542 771.14065383] 227.1747209067603
parent ball, sibling ball-> 11 83
[] []
pill id, pill_count-> 23 126
furthest pt-> 0
(C, R)-> [505.64836542 771.14065383] 227.1747209067603
parent ball, sibling ball-> 29 83
[] []
pill id, pill_count-> 23 127
furthest pt-> 116
(C, R)-> [713.94537992 350.61762123] 242.19971795578186
parent ball, sibling ball-> 11 83
[22856169599945.746, -1, 1.7280612783784656e+17] [-251304611298549.1, -1, -1.9000111368792236e+18]
pill id, pill_count-> 24 128
furthest pt-> 116
(C, R)-> [713.94537992 350.61762123] 242.19971795578186
parent ball, sibling ball-> 29 83
[22856169599945.746, -1, 1.7280612783784656e+17] [-251304611298549.1, -1, -1.9000111368792236e+18]
pill id, pill_count-> 24 129
furthest pt-> 0
(C, R)-> [505.64836542 771.14065383] 227.1747209067603
parent ball, sibling ball-> 11 83
[] []
pill id, pill_count-> 25 130
furthest pt-> 0
(C, R)-> [505.64836542 771.14065383] 227.1747209067603
parent ball, sibling ball-> 29 83
[] []
pill id, pill_count-> 25 131
furthest pt-> 116
(C, R)-> [713.94537992 350.61762123] 242.19971795578186
parent ball, sibling ball-> 11 83
[22856169599945.746, -1, 1.7280612783784656e+17] [-251304611298549.1, -1, -1.9000111368792236e+18]
pill id, pill_count-> 26 132
furthest pt-> 116
(C, R)-> [713.94537992 350.61762123] 242.19971795578186
parent ball, sibling ball-> 29 83
[22856169599945.746, -1, 1.7280612783784656e+17] [-251304611298549.1, -1, -1.9000111368792236e+18]
pill id, pill_count-> 26 133
furthest pt-> 0
(C, R)-> [505.64836542 771.14065383] 227.1747209067603
parent ball, sibling ball-> 11 83
[] []
pill id, pill_count-> 27 134
furthest pt-> 0
(C, R)-> [505.64836542 771.14065383] 227.1747209067603
parent ball, sibling ball-> 29 83
[] []
pill id, pill_count-> 27 135
furthest pt-> 279
(C, R)-> [285.96167074 361.05480223] 229.67242444536947
parent ball, sibling ball-> 11 83
[-262329643987541.44, -1, 1.9833668890291796e+18] [-440289528714176.94, -1, 3.3288486179603615e+18]
pill id, pill_count-> 28 136
furthest pt-> 279
(C, R)-> [285.96167074 361.05480223] 229.67242444536947
parent ball, sibling ball-> 29 83
[-262329643987541.44, -1, 1.9833668890291796e+18] [-440289528714176.94, -1, 3.3288486179603615e+18]
pill id, pill_count-> 28 137
furthest pt-> 279
(C, R)-> [285.96167074 361.05480223] 229.67242444536947
parent ball, sibling ball-> 11 83
[-262329643987541.44, -1, 1.9833668890291796e+18] [-440289528714176.94, -1, 3.3288486179603615e+18]
pill id, pill_count-> 29 138
furthest pt-> 279
(C, R)-> [285.96167074 361.05480223] 229.67242444536947
parent ball, sibling ball-> 29 83
[-262329643987541.44, -1, 1.9833668890291796e+18] [-440289528714176.94, -1, 3.3288486179603615e+18]
pill id, pill_count-> 29 139
furthest pt-> 279
(C, R)-> [285.96167074 361.05480223] 229.67242444536947
parent ball, sibling ball-> 11 83
[-262329643987541.44, -1, 1.9833668890291796e+18] [-440289528714176.94, -1, 3.3288486179603615e+18]
pill id, pill_count-> 30 140
furthest pt-> 279
(C, R)-> [285.96167074 361.05480223] 229.67242444536947
parent ball, sibling ball-> 29 83
[-262329643987541.44, -1, 1.9833668890291796e+18] [-440289528714176.94, -1, 3.3288486179603615e+18]
pill id, pill_count-> 30 141
furthest pt-> 279
(C, R)-> [285.96167074 361.05480223] 229.67242444536947
parent ball, sibling ball-> 11 83
[-262329643987541.44, -1, 1.9833668890291796e+18] [-440289528714176.94, -1, 3.3288486179603615e+18]
pill id, pill_count-> 31 142
furthest pt-> 279
(C, R)-> [285.96167074 361.05480223] 229.67242444536947
parent ball, sibling ball-> 29 83
[-262329643987541.44, -1, 1.9833668890291796e+18] [-440289528714176.94, -1, 3.3288486179603615e+18]
pill id, pill_count-> 31 143
furthest pt-> 279
(C, R)-> [285.96167074 361.05480223] 229.67242444536947
parent ball, sibling ball-> 11 83
[-262329643987541.44, -1, 1.9833668890291796e+18] [-440289528714176.94, -1, 3.3288486179603615e+18]
pill id, pill_count-> 32 144
furthest pt-> 279
(C, R)-> [285.96167074 361.05480223] 229.67242444536947
parent ball, sibling ball-> 29 83
[-262329643987541.44, -1, 1.9833668890291796e+18] [-440289528714176.94, -1, 3.3288486179603615e+18]
pill id, pill_count-> 32 145
furthest pt-> 279
(C, R)-> [285.96167074 361.05480223] 229.67242444536947
parent ball, sibling ball-> 11 83
[-262329643987541.44, -1, 1.9833668890291796e+18] [-440289528714176.94, -1, 3.3288486179603615e+18]
pill id, pill_count-> 33 146
furthest pt-> 279
(C, R)-> [285.96167074 361.05480223] 229.67242444536947
parent ball, sibling ball-> 29 83
[-262329643987541.44, -1, 1.9833668890291796e+18] [-440289528714176.94, -1, 3.3288486179603615e+18]
pill id, pill_count-> 33 147
furthest pt-> 279
(C, R)-> [285.96167074 361.05480223] 229.67242444536947
parent ball, sibling ball-> 11 83
[-262329643987541.44, -1, 1.9833668890291796e+18] [-440289528714176.94, -1, 3.3288486179603615e+18]
pill id, pill_count-> 34 148
furthest pt-> 279
(C, R)-> [285.96167074 361.05480223] 229.67242444536947
parent ball, sibling ball-> 29 83
[-262329643987541.44, -1, 1.9833668890291796e+18] [-440289528714176.94, -1, 3.3288486179603615e+18]
pill id, pill_count-> 34 149
furthest pt-> 279
(C, R)-> [285.96167074 361.05480223] 229.67242444536947
parent ball, sibling ball-> 11 83
[-262329643987541.44, -1, 1.9833668890291796e+18] [-440289528714176.94, -1, 3.3288486179603615e+18]
pill id, pill_count-> 35 150
furthest pt-> 279
(C, R)-> [285.96167074 361.05480223] 229.67242444536947
parent ball, sibling ball-> 29 83
[-262329643987541.44, -1, 1.9833668890291796e+18] [-440289528714176.94, -1, 3.3288486179603615e+18]
pill id, pill_count-> 35 151
furthest pt-> 279
(C, R)-> [285.96167074 361.05480223] 229.67242444536947
parent ball, sibling ball-> 11 83
[-262329643987541.44, -1, 1.9833668890291796e+18] [-440289528714176.94, -1, 3.3288486179603615e+18]
pill id, pill_count-> 36 152
furthest pt-> 279
(C, R)-> [285.96167074 361.05480223] 229.67242444536947
parent ball, sibling ball-> 29 83
[-262329643987541.44, -1, 1.9833668890291796e+18] [-440289528714176.94, -1, 3.3288486179603615e+18]
pill id, pill_count-> 36 153
furthest pt-> 279
(C, R)-> [285.96167074 361.05480223] 229.67242444536947
parent ball, sibling ball-> 11 83
[-262329643987541.44, -1, 1.9833668890291796e+18] [-440289528714176.94, -1, 3.3288486179603615e+18]
pill id, pill_count-> 37 154
furthest pt-> 279
(C, R)-> [285.96167074 361.05480223] 229.67242444536947
parent ball, sibling ball-> 29 83
[-262329643987541.44, -1, 1.9833668890291796e+18] [-440289528714176.94, -1, 3.3288486179603615e+18]
pill id, pill_count-> 37 155
furthest pt-> 279
(C, R)-> [285.96167074 361.05480223] 229.67242444536947
parent ball, sibling ball-> 11 83
[-262329643987541.44, -1, 1.9833668890291796e+18] [-440289528714176.94, -1, 3.3288486179603615e+18]
pill id, pill_count-> 38 156
furthest pt-> 279
(C, R)-> [285.96167074 361.05480223] 229.67242444536947
parent ball, sibling ball-> 29 83
[-262329643987541.44, -1, 1.9833668890291796e+18] [-440289528714176.94, -1, 3.3288486179603615e+18]
pill id, pill_count-> 38 157
furthest pt-> 279
(C, R)-> [285.96167074 361.05480223] 229.67242444536947
parent ball, sibling ball-> 11 83
[-262329643987541.44, -1, 1.9833668890291796e+18] [-440289528714176.94, -1, 3.3288486179603615e+18]
pill id, pill_count-> 39 158
furthest pt-> 279
(C, R)-> [285.96167074 361.05480223] 229.67242444536947
parent ball, sibling ball-> 29 83
[-262329643987541.44, -1, 1.9833668890291796e+18] [-440289528714176.94, -1, 3.3288486179603615e+18]
pill id, pill_count-> 39 159
furthest pt-> 279
(C, R)-> [285.96167074 361.05480223] 229.67242444536947
parent ball, sibling ball-> 11 83
[-262329643987541.44, -1, 1.9833668890291796e+18] [-440289528714176.94, -1, 3.3288486179603615e+18]
pill id, pill_count-> 40 160
furthest pt-> 279
(C, R)-> [285.96167074 361.05480223] 229.67242444536947
parent ball, sibling ball-> 29 83
[-262329643987541.44, -1, 1.9833668890291796e+18] [-440289528714176.94, -1, 3.3288486179603615e+18]
pill id, pill_count-> 40 161
furthest pt-> 279
(C, R)-> [285.96167074 361.05480223] 229.67242444536947
parent ball, sibling ball-> 11 83
[-262329643987541.44, -1, 1.9833668890291796e+18] [-440289528714176.94, -1, 3.3288486179603615e+18]
pill id, pill_count-> 41 162
furthest pt-> 279
(C, R)-> [285.96167074 361.05480223] 229.67242444536947
parent ball, sibling ball-> 29 83
[-262329643987541.44, -1, 1.9833668890291796e+18] [-440289528714176.94, -1, 3.3288486179603615e+18]
pill id, pill_count-> 41 163
furthest pt-> 279
(C, R)-> [285.96167074 361.05480223] 229.67242444536947
parent ball, sibling ball-> 11 83
[-262329643987541.44, -1, 1.9833668890291796e+18] [-440289528714176.94, -1, 3.3288486179603615e+18]
pill id, pill_count-> 42 164
furthest pt-> 279
(C, R)-> [285.96167074 361.05480223] 229.67242444536947
parent ball, sibling ball-> 29 83
[-262329643987541.44, -1, 1.9833668890291796e+18] [-440289528714176.94, -1, 3.3288486179603615e+18]
pill id, pill_count-> 42 165
furthest pt-> 279
(C, R)-> [285.96167074 361.05480223] 229.67242444536947
parent ball, sibling ball-> 11 83
[-262329643987541.44, -1, 1.9833668890291796e+18] [-440289528714176.94, -1, 3.3288486179603615e+18]
pill id, pill_count-> 43 166
furthest pt-> 279
(C, R)-> [285.96167074 361.05480223] 229.67242444536947
parent ball, sibling ball-> 29 83
[-262329643987541.44, -1, 1.9833668890291796e+18] [-440289528714176.94, -1, 3.3288486179603615e+18]
pill id, pill_count-> 43 167
furthest pt-> 279
(C, R)-> [285.96167074 361.05480223] 229.67242444536947
parent ball, sibling ball-> 11 83
[-262329643987541.44, -1, 1.9833668890291796e+18] [-440289528714176.94, -1, 3.3288486179603615e+18]
pill id, pill_count-> 44 168
furthest pt-> 279
(C, R)-> [285.96167074 361.05480223] 229.67242444536947
parent ball, sibling ball-> 29 83
[-262329643987541.44, -1, 1.9833668890291796e+18] [-440289528714176.94, -1, 3.3288486179603615e+18]
pill id, pill_count-> 44 169
furthest pt-> 279
(C, R)-> [285.96167074 361.05480223] 229.67242444536947
parent ball, sibling ball-> 11 83
[-262329643987541.44, -1, 1.9833668890291796e+18] [-440289528714176.94, -1, 3.3288486179603615e+18]
pill id, pill_count-> 45 170
furthest pt-> 279
(C, R)-> [285.96167074 361.05480223] 229.67242444536947
parent ball, sibling ball-> 29 83
[-262329643987541.44, -1, 1.9833668890291796e+18] [-440289528714176.94, -1, 3.3288486179603615e+18]
pill id, pill_count-> 45 171
furthest pt-> 279
(C, R)-> [285.96167074 361.05480223] 229.67242444536947
parent ball, sibling ball-> 11 83
[-262329643987541.44, -1, 1.9833668890291796e+18] [-440289528714176.94, -1, 3.3288486179603615e+18]
pill id, pill_count-> 46 172
furthest pt-> 279
(C, R)-> [285.96167074 361.05480223] 229.67242444536947
parent ball, sibling ball-> 29 83
[-262329643987541.44, -1, 1.9833668890291796e+18] [-440289528714176.94, -1, 3.3288486179603615e+18]
pill id, pill_count-> 46 173
furthest pt-> 279
(C, R)-> [285.96167074 361.05480223] 229.67242444536947
parent ball, sibling ball-> 11 83
[-262329643987541.44, -1, 1.9833668890291796e+18] [-440289528714176.94, -1, 3.3288486179603615e+18]
pill id, pill_count-> 47 174
furthest pt-> 279
(C, R)-> [285.96167074 361.05480223] 229.67242444536947
parent ball, sibling ball-> 29 83
[-262329643987541.44, -1, 1.9833668890291796e+18] [-440289528714176.94, -1, 3.3288486179603615e+18]
pill id, pill_count-> 47 175
furthest pt-> 279
(C, R)-> [285.96167074 361.05480223] 229.67242444536947
parent ball, sibling ball-> 11 83
[-262329643987541.44, -1, 1.9833668890291796e+18] [-440289528714176.94, -1, 3.3288486179603615e+18]
pill id, pill_count-> 48 176
furthest pt-> 279
(C, R)-> [285.96167074 361.05480223] 229.67242444536947
parent ball, sibling ball-> 29 83
[-262329643987541.44, -1, 1.9833668890291796e+18] [-440289528714176.94, -1, 3.3288486179603615e+18]
pill id, pill_count-> 48 177
furthest pt-> 279
(C, R)-> [285.96167074 361.05480223] 229.67242444536947
parent ball, sibling ball-> 11 83
[-262329643987541.44, -1, 1.9833668890291796e+18] [-440289528714176.94, -1, 3.3288486179603615e+18]
pill id, pill_count-> 49 178
furthest pt-> 279
(C, R)-> [285.96167074 361.05480223] 229.67242444536947
parent ball, sibling ball-> 29 83
[-262329643987541.44, -1, 1.9833668890291796e+18] [-440289528714176.94, -1, 3.3288486179603615e+18]
pill id, pill_count-> 49 179
furthest pt-> 279
(C, R)-> [285.96167074 361.05480223] 229.67242444536947
parent ball, sibling ball-> 11 83
[-262329643987541.44, -1, 1.9833668890291796e+18] [-440289528714176.94, -1, 3.3288486179603615e+18]
pill id, pill_count-> 50 180
furthest pt-> 279
(C, R)-> [285.96167074 361.05480223] 229.67242444536947
parent ball, sibling ball-> 29 83
[-262329643987541.44, -1, 1.9833668890291796e+18] [-440289528714176.94, -1, 3.3288486179603615e+18]
pill id, pill_count-> 50 181
furthest pt-> 279
(C, R)-> [285.96167074 361.05480223] 229.67242444536947
parent ball, sibling ball-> 11 83
[-262329643987541.44, -1, 1.9833668890291796e+18] [-440289528714176.94, -1, 3.3288486179603615e+18]
pill id, pill_count-> 51 182
furthest pt-> 279
(C, R)-> [285.96167074 361.05480223] 229.67242444536947
parent ball, sibling ball-> 29 83
[-262329643987541.44, -1, 1.9833668890291796e+18] [-440289528714176.94, -1, 3.3288486179603615e+18]
pill id, pill_count-> 51 183
furthest pt-> 279
(C, R)-> [285.96167074 361.05480223] 229.67242444536947
parent ball, sibling ball-> 11 83
[-262329643987541.44, -1, 1.9833668890291796e+18] [-440289528714176.94, -1, 3.3288486179603615e+18]
pill id, pill_count-> 52 184
furthest pt-> 279
(C, R)-> [285.96167074 361.05480223] 229.67242444536947
parent ball, sibling ball-> 29 83
[-262329643987541.44, -1, 1.9833668890291796e+18] [-440289528714176.94, -1, 3.3288486179603615e+18]
pill id, pill_count-> 52 185
furthest pt-> 279
(C, R)->